make.exe all --print-data-base --no-builtin-variables --no-builtin-rules --question
make: *** No rule to make target 'all'.  Stop.

# GNU Make 4.3
# Built for Windows32
# Copyright (C) 1988-2020 Free Software Foundation, Inc.
# License GPLv3+: GNU GPL version 3 or later <http://gnu.org/licenses/gpl.html>
# This is free software: you are free to change and redistribute it.
# There is NO WARRANTY, to the extent permitted by law.

# Make data base, printed on Tue May 24 19:43:56 2022

# Variables

# environment
FPS_BROWSER_APP_PROFILE_STRING = Internet Explorer
# environment
SYSTEMDRIVE = C:
# environment
JAVA_HOME = C:\Program Files\Java\jdk1.8.0_251
# environment
LC_ALL = C
# environment
USERPROFILE = C:\Users\andre
# environment
VBOX_MSI_INSTALL_PATH = Z:\VirtualBox\
# environment
LOCALAPPDATA = C:\Users\andre\AppData\Local
# environment
VSCODE_IPC_HOOK_EXTHOST = \\.\pipe\vscode-ipc-de36e156-3bc0-4a55-b31d-8dabdf44c3d5-sock
# environment
VSCODE_CWD = Z:\Microsoft VS Code
# environment
CHOCOLATEYINSTALL = C:\ProgramData\chocolatey
# environment
SYSTEMROOT = C:\WINDOWS
# environment
PROCESSOR_LEVEL = 6
# environment
PSMODULEPATH = C:\Users\andre\Documents\WindowsPowerShell\Modules;Z:\GoogleCloudConsole\google-cloud-sdk\platform\PowerShell
# default
MAKE_COMMAND := C:/ProgramData/chocolatey/lib/make/tools/install/bin/make.exe
# automatic
@D = $(patsubst %/,%,$(patsubst %\,%,$(dir $@)))
# environment
QML_FORCE_DISK_CACHE = 0
# environment
CHROME_CRASHPAD_PIPE_NAME = \\.\pipe\crashpad_37848_XIBVEIJIRPVRNNBD
# environment
FPS_BROWSER_USER_PROFILE_STRING = Default
# environment
VK_SDK_PATH = Z:\VulkanSDK
# default
.VARIABLES := 
# environment
VSCODE_HANDLES_UNCAUGHT_ERRORS = true
# automatic
%D = $(patsubst %/,%,$(patsubst %\,%,$(dir $%)))
# automatic
^D = $(patsubst %/,%,$(patsubst %\,%,$(dir $^)))
# environment
VSCODE_LOG_STACK = false
# automatic
%F = $(notdir $%)
# environment
VSCODE_CODE_CACHE_PATH = C:\Users\andre\AppData\Roaming\Code\CachedData\c3511e6c69bb39013c4a4b7b9566ec1ca73fc4d5
# environment
LANG = C
# default
.LOADED := 
# environment
TMP = C:\Users\andre\AppData\Local\Temp
# default
.INCLUDE_DIRS = .
# environment
PROCESSOR_ARCHITEW6432 = AMD64
# makefile
MAKEFLAGS = pqrR
# environment
ONEDRIVE = C:\Users\andre\OneDrive
# environment
POWERSHELL_DISTRIBUTION_CHANNEL = MSI:Windows 10 Home
# makefile
CURDIR := z:/projects/games/SPEngine/code
# environment
VSCODE_PIPE_LOGGING = true
# environment
APPLICATION_INSIGHTS_NO_DIAGNOSTIC_CHANNEL = true
# automatic
*D = $(patsubst %/,%,$(patsubst %\,%,$(dir $*)))
# environment
PORT = 1337
# environment
PROGRAMFILES = C:\Program Files (x86)
# environment
MFLAGS = -pqrR
# default
.SHELLFLAGS := -c
# environment
COMMONPROGRAMW6432 = C:\Program Files\Common Files
# automatic
+D = $(patsubst %/,%,$(patsubst %\,%,$(dir $+)))
# makefile
MAKEFILE_LIST := 
# automatic
@F = $(notdir $@)
# environment
VSCODE_VERBOSE_LOGGING = true
# environment
VSCODE_PID = 37848
# environment
CLION = Z:\CLion 2020.1\bin;
# automatic
?D = $(patsubst %/,%,$(patsubst %\,%,$(dir $?)))
# automatic
*F = $(notdir $*)
# automatic
<D = $(patsubst %/,%,$(patsubst %\,%,$(dir $<)))
# environment
VSCODE_NLS_CONFIG = {"locale":"ru","availableLanguages":{},"_languagePackSupport":true}
# environment
ANDROID_SDK_ROOT = Z:\AndroidSDK
# environment
ONEDRIVECONSUMER = C:\Users\andre\OneDrive
# default
MAKE_HOST := Windows32
# environment
PROGRAMDATA = C:\ProgramData
# environment
RUBYMINE = Z:\RubyMine 2020.1\bin;
# default
SHELL := sh.exe
# environment
HOMEPATH = \Users\andre
# default
MAKECMDGOALS := all
# environment
DRIVERDATA = C:\Windows\System32\Drivers\DriverData
# environment
COMSPEC = C:\WINDOWS\system32\cmd.exe
# environment
WEBSTORM = D:\WebStorm 2019.3\bin;
# environment
WINDIR = C:\WINDOWS
# environment
ESET_OPTIONS = $(subst ,,                                                                                                                                                                                                                                                                                                                                                                                                                                                                                                                               )
# environment
MAKELEVEL := 0
# default
MAKE = $(MAKE_COMMAND)
# environment
PATH = Z:\VulkanSDK\Bin;C:\Program Files\Common Files\Oracle\Java\javapath;C:\Program Files (x86)\Razer Chroma SDK\bin;C:\Program Files\Razer Chroma SDK\bin;C:\Program Files (x86)\Razer\ChromaBroadcast\bin;C:\Program Files\Razer\ChromaBroadcast\bin;C:\Program Files\PHP\v7.4;C:\Program Files (x86)\Common Files\Oracle\Java\javapath;C:\Windows\system32;C:\Windows;C:\Windows\System32\Wbem;C:\Windows\System32\WindowsPowerShell\v1.0\;C:\Windows\System32\OpenSSH\;C:\Program Files (x86)\NVIDIA Corporation\PhysX\Common;C:\Program Files\NVIDIA Corporation\NVIDIA NvDLISR;C:\Users\andre\Downloads\Process Lasso 9.3.0.74 RePack (& Portable) by TryRooM\ProcessLassoPortable\ProcessLasso64Portable\App\ProcessLasso\;C:\Program Files\Java\jdk-13.0.1\bin;D:\apache-ant-1.10.7\bin;C:\OpenSSL\bin;C:\Program Files\Git\cmd;C:\Program Files (x86)\Microsoft SQL Server\150\DTS\Binn\;C:\Program Files (x86)\Yarn\bin\;D:\PuTTY\;C:\Program Files (x86)\Bitvise SSH Client;C:\ProgramData\chocolatey\bin;C:\Program Files\Microsoft\Web Platform Installer\;C:\Program Files\MySQL\MySQL Shell 8.0\bin\;C:\Users\andre\AppData\Local\Microsoft\WindowsApps;C:\Users\andre\AppData\Roaming\npm;D:\WebStorm 2019.3\bin;C:\Users\andre\AppData\Local\Yarn\bin;D:\PyCharm 2019.2.4\bin;C:\WINDOWS\system32;C:\WINDOWS;C:\WINDOWS\System32\Wbem;C:\WINDOWS\System32\WindowsPowerShell\v1.0\;C:\WINDOWS\System32\OpenSSH\;C:\Program Files\PostgreSQL\13\bin;C:\WINDOWS\system32\config\systemprofile\AppData\Local\Microsoft\WindowsApps;Z:\AndroidSDK\platform-tools;Z:\PyCharm 2020.1\bin;C:\Program Files\MySQL\MySQL Server 8.0\bin;C:\Program Files\Git\bin\;C:\Program Files\Git\cmd\;Z:\CLion 2020.1\bin;C:\;C:\Program Files\Microsoft SQL Server\150\Tools\Binn\;C:\Program Files\Microsoft SQL Server\Client SDK\ODBC\170\Tools\Binn\;C:\Program Files\dotnet\;C:\Program Files\nodejs\;Z:\LLVM\bin;C:\Program Files\PowerShell\7\;C:\Program Files (x86)\dotnet\;Z:\Ruby31-x64\bin;C:\Program Files\MySQL\MySQL Shell 8.0\bin\;C:\Users\andre\AppData\Local\Microsoft\WindowsApps;D:\WebStorm 2019.3\bin;;C:\Users\andre\AppData\Local\Yarn\bin;Z:\PyCharm 2020.1\bin;;C:\Program Files\MySQL\MySQL Server 8.0\bin;C:\Program Files\Git\b 
in\;C:\Program Files\Git\cmd\;Z:\CLion 2020.1\bin;;Z:\AndroidSDK\platform-tools;C:\;Z:\GoogleCloudConsole\google-cloud-sdk\bin;C:\Gradle\gradle-6.4.1\bin;Z:\RubyMine 2020.1\bin;;C:\Users\andre\.dotnet\tools;C:\Users\andre\AppData\Roaming\npm;C:\ProgramData\chocolatey\lib\mingw\tools\install\mingw64\bin;Z:\IntelliJ IDEA 2020.3.3\bin;;Z:\Microsoft VS Code\bin;Z:\LLVM\bin;
# environment
COMPUTERNAME = DESKTOP-KOK
# default
MAKEFILES := 
# automatic
^F = $(notdir $^)
# environment
PYCHARM = Z:\PyCharm 2020.1\bin;
# environment
PROMPT = $P$G
# environment
CHOCOLATEYLASTPATHUPDATE = 132940074902775106
# environment
INTELLIJ IDEA = Z:\IntelliJ IDEA 2020.3.3\bin;
# environment
LOGONSERVER = \\DESKTOP-KOK
# environment
VSCODE_LOG_NATIVE = false
# environment
USERNAME = andre
# environment
COMMONPROGRAMFILES = C:\Program Files (x86)\Common Files
# automatic
?F = $(notdir $?)
# environment
PROGRAMW6432 = C:\Program Files
# environment
PATHEXT = .COM;.EXE;.BAT;.CMD;.VBS;.VBE;.JS;.JSE;.WSF;.WSH;.MSC;.RB;.RBW
# automatic
+F = $(notdir $+)
# environment
ORIGINAL_XDG_CURRENT_DESKTOP = undefined
# environment
USERDOMAIN = DESKTOP-KOK
# 'override' directive
GNUMAKEFLAGS := 
# environment
OS = Windows_NT
# makefile
.DEFAULT_GOAL := 
# environment
ACCOUNT_SECURITY_API_KEY = bymSFmcDnQoSLish8ygU399C2Nv7cgo7
# default
MAKE_VERSION := 4.3
# environment
PROGRAMFILES(X86) = C:\Program Files (x86)
# environment
USERDOMAIN_ROAMINGPROFILE = DESKTOP-KOK
# environment
NUMBER_OF_PROCESSORS = 20
# environment
PUBLIC = C:\Users\Public
# environment
APPDATA = C:\Users\andre\AppData\Roaming
# environment
HOMEDRIVE = C:
# environment
VULKAN_SDK = Z:\VulkanSDK
# environment
QML_DISABLE_DISK_CACHE = 1
# environment
PROCESSOR_ARCHITECTURE = x86
# environment
VSCODE_AMD_ENTRYPOINT = vs/workbench/api/node/extensionHostProcess
# environment
COMMONPROGRAMFILES(X86) = C:\Program Files (x86)\Common Files
# environment
ELECTRON_RUN_AS_NODE = 1
# environment
ANT_HOME = D:\apache-ant-1.10.7
# environment
TEMP = C:\Users\andre\AppData\Local\Temp
# environment
VSCODE_IPC_HOOK = \\.\pipe\8c01e3b9c3994eeb540802bd40577f67-1.67.2-main-sock
# default
.RECIPEPREFIX := 
# environment
QT_DISABLE_SHADER_DISK_CACHE = 1
# automatic
<F = $(notdir $<)
# default
SUFFIXES := 
# environment
ALLUSERSPROFILE = C:\ProgramData
# environment
SESSIONNAME = Console
# default
.FEATURES := target-specific order-only second-expansion else-if shortest-stem undefine oneshell nocomment grouped-target extra-prereqs archives jobserver output-sync load
# environment
PROCESSOR_REVISION = a505
# environment
PROCESSOR_IDENTIFIER = Intel64 Family 6 Model 165 Stepping 5, GenuineIntel
# environment
JRE_HOME = C:\Program Files (x86)\Java\jre1.8.0_221
# variable set hash-table stats:
# Load=116/1024=11%, Rehash=0, Collisions=21/140=15%

# Pattern-specific Variable Values

# No pattern-specific variable values.

# Directories

# . (key z:/projects/games/SPEngine/code, mtime 1652790302): 23 files, no impossibilities.

# 23 files, no impossibilities in 1 directories.

# Implicit Rules

# No implicit rules.

# Files

# Not a target:
Makefile:
#  Implicit rule search has been done.
#  File does not exist.
#  File has been updated.
#  Failed to be updated.

# Not a target:
.DEFAULT:
#  Implicit rule search has not been done.
#  Modification time never checked.
#  File has not been updated.

# Not a target:
all:
#  Command line target.
#  Implicit rule search has been done.
#  File does not exist.
#  File has not been updated.

# Not a target:
makefile:
#  Implicit rule search has been done.
#  File does not exist.
#  File has been updated.
#  Failed to be updated.

# Not a target:
makefile.mak:
#  Implicit rule search has been done.
#  File does not exist.
#  File has been updated.
#  Failed to be updated.

# Not a target:
GNUmakefile:
#  Implicit rule search has been done.
#  File does not exist.
#  File has been updated.
#  Failed to be updated.

# files hash-table stats:
# Load=7/1024=1%, Rehash=0, Collisions=0/16=0%
# VPATH Search Paths

# No 'vpath' search paths.

# No general ('VPATH' variable) search path.

# strcache buffers: 1 (0) / strings = 30 / storage = 373 B / avg = 12 B
# current buf: size = 8174 B / used = 373 B / count = 30 / avg = 12 B

# strcache performance: lookups = 33 / hit rate = 9%
# hash-table stats:
# Load=30/8192=0%, Rehash=0, Collisions=0/33=0%
# Finished Make data base on Tue May 24 19:43:56 2022

 
